{"/home/charles/Projects/cbebe/src/update.ts": {"path":"/home/charles/Projects/cbebe/src/update.ts","statementMap":{"0":{"start":{"line":11,"column":2},"end":{"line":12,"column":32}},"1":{"start":{"line":11,"column":31},"end":{"line":11,"column":58}},"2":{"start":{"line":12,"column":7},"end":{"line":12,"column":32}},"3":{"start":{"line":13,"column":2},"end":{"line":13,"column":17}},"4":{"start":{"line":10,"column":0},"end":{"line":10,"column":16}},"5":{"start":{"line":20,"column":2},"end":{"line":20,"column":29}},"6":{"start":{"line":21,"column":2},"end":{"line":21,"column":31}},"7":{"start":{"line":16,"column":0},"end":{"line":16,"column":16}},"8":{"start":{"line":25,"column":13},"end":{"line":25,"column":27}},"9":{"start":{"line":26,"column":2},"end":{"line":26,"column":62}},"10":{"start":{"line":27,"column":2},"end":{"line":27,"column":23}},"11":{"start":{"line":28,"column":2},"end":{"line":31,"column":4}},"12":{"start":{"line":32,"column":2},"end":{"line":32,"column":17}},"13":{"start":{"line":24,"column":0},"end":{"line":24,"column":16}},"14":{"start":{"line":39,"column":33},"end":{"line":45,"column":4}},"15":{"start":{"line":47,"column":2},"end":{"line":47,"column":38}},"16":{"start":{"line":48,"column":2},"end":{"line":48,"column":25}},"17":{"start":{"line":35,"column":0},"end":{"line":35,"column":16}},"18":{"start":{"line":52,"column":17},"end":{"line":52,"column":34}},"19":{"start":{"line":53,"column":2},"end":{"line":53,"column":20}},"20":{"start":{"line":54,"column":2},"end":{"line":54,"column":22}},"21":{"start":{"line":55,"column":2},"end":{"line":55,"column":76}},"22":{"start":{"line":56,"column":2},"end":{"line":56,"column":14}},"23":{"start":{"line":51,"column":0},"end":{"line":51,"column":16}}},"fnMap":{"0":{"name":"updatePlayers","decl":{"start":{"line":10,"column":16},"end":{"line":10,"column":29}},"loc":{"start":{"line":10,"column":69},"end":{"line":14,"column":1}}},"1":{"name":"updateMostRecentMoves","decl":{"start":{"line":16,"column":16},"end":{"line":16,"column":37}},"loc":{"start":{"line":18,"column":21},"end":{"line":22,"column":1}}},"2":{"name":"updateAfterTurn","decl":{"start":{"line":24,"column":16},"end":{"line":24,"column":31}},"loc":{"start":{"line":24,"column":60},"end":{"line":33,"column":1}}},"3":{"name":"updateMostRecentGames","decl":{"start":{"line":35,"column":16},"end":{"line":35,"column":37}},"loc":{"start":{"line":37,"column":14},"end":{"line":49,"column":1}}},"4":{"name":"updateAfterGame","decl":{"start":{"line":51,"column":16},"end":{"line":51,"column":31}},"loc":{"start":{"line":51,"column":56},"end":{"line":57,"column":1}}}},"branchMap":{"0":{"loc":{"start":{"line":11,"column":2},"end":{"line":12,"column":32}},"type":"if","locations":[{"start":{"line":11,"column":2},"end":{"line":12,"column":32}},{"start":{"line":11,"column":2},"end":{"line":12,"column":32}}]}},"s":{"0":3,"1":2,"2":1,"3":3,"4":1,"5":2,"6":2,"7":1,"8":1,"9":1,"10":1,"11":1,"12":1,"13":1,"14":1,"15":1,"16":1,"17":1,"18":1,"19":1,"20":1,"21":1,"22":1,"23":1},"f":{"0":3,"1":2,"2":1,"3":1,"4":1},"b":{"0":[2,1]}}
,"/home/charles/Projects/cbebe/src/write.ts": {"path":"/home/charles/Projects/cbebe/src/write.ts","statementMap":{"0":{"start":{"line":2,"column":20},"end":{"line":2,"column":77}},"1":{"start":{"line":4,"column":2},"end":{"line":4,"column":98}},"2":{"start":{"line":5,"column":15},"end":{"line":5,"column":36}},"3":{"start":{"line":7,"column":13},"end":{"line":11,"column":27}},"4":{"start":{"line":8,"column":2},"end":{"line":11,"column":26}},"5":{"start":{"line":13,"column":24},"end":{"line":14,"column":90}},"6":{"start":{"line":14,"column":2},"end":{"line":14,"column":90}},"7":{"start":{"line":16,"column":23},"end":{"line":16,"column":71}},"8":{"start":{"line":16,"column":41},"end":{"line":16,"column":71}},"9":{"start":{"line":18,"column":19},"end":{"line":22,"column":2}},"10":{"start":{"line":18,"column":35},"end":{"line":22,"column":2}},"11":{"start":{"line":24,"column":24},"end":{"line":25,"column":65}},"12":{"start":{"line":25,"column":2},"end":{"line":25,"column":65}},"13":{"start":{"line":28,"column":15},"end":{"line":28,"column":55}},"14":{"start":{"line":29,"column":2},"end":{"line":29,"column":75}},"15":{"start":{"line":33,"column":15},"end":{"line":33,"column":78}},"16":{"start":{"line":34,"column":2},"end":{"line":34,"column":60}},"17":{"start":{"line":38,"column":15},"end":{"line":38,"column":68}},"18":{"start":{"line":39,"column":2},"end":{"line":39,"column":59}},"19":{"start":{"line":43,"column":17},"end":{"line":43,"column":43}},"20":{"start":{"line":44,"column":19},"end":{"line":44,"column":33}},"21":{"start":{"line":45,"column":18},"end":{"line":45,"column":34}},"22":{"start":{"line":46,"column":2},"end":{"line":46,"column":48}},"23":{"start":{"line":46,"column":16},"end":{"line":46,"column":48}},"24":{"start":{"line":48,"column":17},"end":{"line":52,"column":4}},"25":{"start":{"line":49,"column":21},"end":{"line":49,"column":37}},"26":{"start":{"line":50,"column":16},"end":{"line":50,"column":40}},"27":{"start":{"line":51,"column":4},"end":{"line":51,"column":79}},"28":{"start":{"line":54,"column":2},"end":{"line":54,"column":27}},"29":{"start":{"line":58,"column":16},"end":{"line":58,"column":56}},"30":{"start":{"line":58,"column":31},"end":{"line":58,"column":56}},"31":{"start":{"line":60,"column":20},"end":{"line":60,"column":127}},"32":{"start":{"line":61,"column":20},"end":{"line":61,"column":46}},"33":{"start":{"line":63,"column":19},"end":{"line":63,"column":53}},"34":{"start":{"line":64,"column":17},"end":{"line":64,"column":40}},"35":{"start":{"line":65,"column":19},"end":{"line":65,"column":60}},"36":{"start":{"line":66,"column":17},"end":{"line":66,"column":40}},"37":{"start":{"line":68,"column":2},"end":{"line":68,"column":79}},"38":{"start":{"line":72,"column":13},"end":{"line":72,"column":20}},"39":{"start":{"line":73,"column":15},"end":{"line":73,"column":35}},"40":{"start":{"line":74,"column":17},"end":{"line":74,"column":43}},"41":{"start":{"line":75,"column":2},"end":{"line":75,"column":50}},"42":{"start":{"line":79,"column":2},"end":{"line":79,"column":41}},"43":{"start":{"line":79,"column":31},"end":{"line":79,"column":41}},"44":{"start":{"line":81,"column":18},"end":{"line":81,"column":43}},"45":{"start":{"line":82,"column":20},"end":{"line":82,"column":57}},"46":{"start":{"line":83,"column":20},"end":{"line":83,"column":68}},"47":{"start":{"line":83,"column":48},"end":{"line":83,"column":67}},"48":{"start":{"line":85,"column":2},"end":{"line":85,"column":55}},"49":{"start":{"line":88,"column":25},"end":{"line":99,"column":1}},"50":{"start":{"line":89,"column":16},"end":{"line":89,"column":32}},"51":{"start":{"line":90,"column":18},"end":{"line":90,"column":42}},"52":{"start":{"line":92,"column":2},"end":{"line":98,"column":16}},"53":{"start":{"line":97,"column":24},"end":{"line":97,"column":71}},"54":{"start":{"line":102,"column":18},"end":{"line":102,"column":43}},"55":{"start":{"line":103,"column":20},"end":{"line":103,"column":68}},"56":{"start":{"line":104,"column":16},"end":{"line":105,"column":null}},"57":{"start":{"line":105,"column":33},"end":{"line":105,"column":79}},"58":{"start":{"line":107,"column":2},"end":{"line":107,"column":51}},"59":{"start":{"line":101,"column":0},"end":{"line":101,"column":16}},"60":{"start":{"line":112,"column":4},"end":{"line":112,"column":176}},"61":{"start":{"line":114,"column":21},"end":{"line":118,"column":101}},"62":{"start":{"line":120,"column":22},"end":{"line":123,"column":16}},"63":{"start":{"line":125,"column":2},"end":{"line":138,"column":17}},"64":{"start":{"line":110,"column":0},"end":{"line":110,"column":16}}},"fnMap":{"0":{"name":"(anonymous_0)","decl":{"start":{"line":7,"column":30},"end":{"line":7,"column":31}},"loc":{"start":{"line":8,"column":2},"end":{"line":11,"column":26}}},"1":{"name":"(anonymous_1)","decl":{"start":{"line":13,"column":24},"end":{"line":13,"column":25}},"loc":{"start":{"line":14,"column":2},"end":{"line":14,"column":90}}},"2":{"name":"(anonymous_2)","decl":{"start":{"line":16,"column":23},"end":{"line":16,"column":24}},"loc":{"start":{"line":16,"column":41},"end":{"line":16,"column":71}}},"3":{"name":"(anonymous_3)","decl":{"start":{"line":18,"column":19},"end":{"line":18,"column":20}},"loc":{"start":{"line":18,"column":35},"end":{"line":22,"column":2}}},"4":{"name":"(anonymous_4)","decl":{"start":{"line":24,"column":24},"end":{"line":24,"column":25}},"loc":{"start":{"line":25,"column":2},"end":{"line":25,"column":65}}},"5":{"name":"createMoveLink","decl":{"start":{"line":27,"column":9},"end":{"line":27,"column":23}},"loc":{"start":{"line":27,"column":71},"end":{"line":30,"column":1}}},"6":{"name":"createAILink","decl":{"start":{"line":32,"column":9},"end":{"line":32,"column":21}},"loc":{"start":{"line":32,"column":21},"end":{"line":35,"column":1}}},"7":{"name":"createNewGameLink","decl":{"start":{"line":37,"column":9},"end":{"line":37,"column":26}},"loc":{"start":{"line":37,"column":26},"end":{"line":40,"column":1}}},"8":{"name":"createRow","decl":{"start":{"line":42,"column":9},"end":{"line":42,"column":18}},"loc":{"start":{"line":42,"column":52},"end":{"line":55,"column":1}}},"9":{"name":"(anonymous_9)","decl":{"start":{"line":48,"column":31},"end":{"line":48,"column":32}},"loc":{"start":{"line":48,"column":47},"end":{"line":52,"column":3}}},"10":{"name":"createTable","decl":{"start":{"line":57,"column":9},"end":{"line":57,"column":20}},"loc":{"start":{"line":57,"column":33},"end":{"line":69,"column":1}}},"11":{"name":"(anonymous_11)","decl":{"start":{"line":58,"column":16},"end":{"line":58,"column":17}},"loc":{"start":{"line":58,"column":31},"end":{"line":58,"column":56}}},"12":{"name":"createMoveRow","decl":{"start":{"line":71,"column":9},"end":{"line":71,"column":22}},"loc":{"start":{"line":71,"column":54},"end":{"line":76,"column":1}}},"13":{"name":"createRecentMoves","decl":{"start":{"line":78,"column":9},"end":{"line":78,"column":26}},"loc":{"start":{"line":78,"column":56},"end":{"line":86,"column":1}}},"14":{"name":"(anonymous_14)","decl":{"start":{"line":83,"column":40},"end":{"line":83,"column":44}},"loc":{"start":{"line":83,"column":48},"end":{"line":83,"column":67}}},"15":{"name":"(anonymous_15)","decl":{"start":{"line":88,"column":25},"end":{"line":88,"column":26}},"loc":{"start":{"line":88,"column":40},"end":{"line":99,"column":1}}},"16":{"name":"(anonymous_16)","decl":{"start":{"line":97,"column":9},"end":{"line":97,"column":10}},"loc":{"start":{"line":97,"column":24},"end":{"line":97,"column":71}}},"17":{"name":"createRecentGames","decl":{"start":{"line":101,"column":16},"end":{"line":101,"column":33}},"loc":{"start":{"line":101,"column":63},"end":{"line":108,"column":1}}},"18":{"name":"(anonymous_18)","decl":{"start":{"line":105,"column":4},"end":{"line":105,"column":5}},"loc":{"start":{"line":105,"column":33},"end":{"line":105,"column":79}}},"19":{"name":"createReadme","decl":{"start":{"line":110,"column":16},"end":{"line":110,"column":28}},"loc":{"start":{"line":110,"column":52},"end":{"line":139,"column":1}}}},"branchMap":{"0":{"loc":{"start":{"line":7,"column":52},"end":{"line":7,"column":57}},"type":"default-arg","locations":[{"start":{"line":7,"column":52},"end":{"line":7,"column":57}}]},"1":{"loc":{"start":{"line":9,"column":26},"end":{"line":9,"column":29}},"type":"cond-expr","locations":[{"start":{"line":9,"column":26},"end":{"line":9,"column":29}},{"start":{"line":9,"column":32},"end":{"line":9,"column":37}}]},"2":{"loc":{"start":{"line":46,"column":2},"end":{"line":46,"column":48}},"type":"if","locations":[{"start":{"line":46,"column":2},"end":{"line":46,"column":48}},{"start":{"line":46,"column":2},"end":{"line":46,"column":48}}]},"3":{"loc":{"start":{"line":49,"column":21},"end":{"line":49,"column":27}},"type":"binary-expr","locations":[{"start":{"line":49,"column":21},"end":{"line":49,"column":27}},{"start":{"line":49,"column":31},"end":{"line":49,"column":37}}]},"4":{"loc":{"start":{"line":50,"column":27},"end":{"line":50,"column":34}},"type":"cond-expr","locations":[{"start":{"line":50,"column":27},"end":{"line":50,"column":34}},{"start":{"line":50,"column":37},"end":{"line":50,"column":40}}]},"5":{"loc":{"start":{"line":51,"column":29},"end":{"line":51,"column":62}},"type":"cond-expr","locations":[{"start":{"line":51,"column":29},"end":{"line":51,"column":62}},{"start":{"line":51,"column":65},"end":{"line":51,"column":71}}]},"6":{"loc":{"start":{"line":74,"column":22},"end":{"line":74,"column":36}},"type":"cond-expr","locations":[{"start":{"line":74,"column":22},"end":{"line":74,"column":36}},{"start":{"line":74,"column":39},"end":{"line":74,"column":43}}]},"7":{"loc":{"start":{"line":75,"column":36},"end":{"line":75,"column":40}},"type":"cond-expr","locations":[{"start":{"line":75,"column":36},"end":{"line":75,"column":40}},{"start":{"line":75,"column":43},"end":{"line":75,"column":46}}]},"8":{"loc":{"start":{"line":79,"column":2},"end":{"line":79,"column":41}},"type":"if","locations":[{"start":{"line":79,"column":2},"end":{"line":79,"column":41}},{"start":{"line":79,"column":2},"end":{"line":79,"column":41}}]},"9":{"loc":{"start":{"line":115,"column":6},"end":{"line":115,"column":71}},"type":"cond-expr","locations":[{"start":{"line":115,"column":6},"end":{"line":115,"column":71}},{"start":{"line":116,"column":6},"end":{"line":118,"column":101}}]},"10":{"loc":{"start":{"line":117,"column":38},"end":{"line":117,"column":43}},"type":"cond-expr","locations":[{"start":{"line":117,"column":38},"end":{"line":117,"column":43}},{"start":{"line":117,"column":46},"end":{"line":117,"column":null}}]}},"s":{"0":1,"1":1,"2":1,"3":1,"4":2,"5":1,"6":0,"7":1,"8":0,"9":1,"10":0,"11":1,"12":0,"13":0,"14":0,"15":0,"16":0,"17":0,"18":0,"19":0,"20":0,"21":0,"22":0,"23":0,"24":0,"25":0,"26":0,"27":0,"28":0,"29":0,"30":0,"31":0,"32":0,"33":0,"34":0,"35":0,"36":0,"37":0,"38":0,"39":0,"40":0,"41":0,"42":0,"43":0,"44":0,"45":0,"46":0,"47":0,"48":0,"49":1,"50":0,"51":0,"52":0,"53":0,"54":1,"55":1,"56":1,"57":1,"58":1,"59":1,"60":0,"61":0,"62":0,"63":0,"64":1},"f":{"0":2,"1":0,"2":0,"3":0,"4":0,"5":0,"6":0,"7":0,"8":0,"9":0,"10":0,"11":0,"12":0,"13":0,"14":0,"15":0,"16":0,"17":1,"18":1,"19":0},"b":{"0":[1],"1":[1,1],"2":[0,0],"3":[0,0],"4":[0,0],"5":[0,0],"6":[0,0],"7":[0,0],"8":[0,0],"9":[0,0],"10":[0,0]}}
,"/home/charles/Projects/cbebe/tests/board.ts": {"path":"/home/charles/Projects/cbebe/tests/board.ts","statementMap":{"0":{"start":{"line":5,"column":2},"end":{"line":5,"column":48}},"1":{"start":{"line":5,"column":35},"end":{"line":5,"column":48}},"2":{"start":{"line":6,"column":2},"end":{"line":6,"column":53}},"3":{"start":{"line":6,"column":34},"end":{"line":6,"column":51}},"4":{"start":{"line":9,"column":13},"end":{"line":18,"column":4}},"5":{"start":{"line":10,"column":2},"end":{"line":17,"column":null}},"6":{"start":{"line":20,"column":13},"end":{"line":36,"column":2}},"7":{"start":{"line":28,"column":2},"end":{"line":35,"column":4}},"8":{"start":{"line":38,"column":13},"end":{"line":38,"column":50}},"9":{"start":{"line":38,"column":28},"end":{"line":38,"column":49}},"10":{"start":{"line":39,"column":13},"end":{"line":39,"column":49}},"11":{"start":{"line":39,"column":27},"end":{"line":39,"column":48}},"12":{"start":{"line":42,"column":13},"end":{"line":46,"column":2}},"13":{"start":{"line":43,"column":14},"end":{"line":43,"column":21}},"14":{"start":{"line":44,"column":2},"end":{"line":44,"column":18}},"15":{"start":{"line":45,"column":2},"end":{"line":45,"column":13}},"16":{"start":{"line":48,"column":18},"end":{"line":56,"column":2}},"17":{"start":{"line":48,"column":25},"end":{"line":56,"column":2}},"18":{"start":{"line":58,"column":13},"end":{"line":63,"column":3}},"19":{"start":{"line":58,"column":37},"end":{"line":62,"column":null}}},"fnMap":{"0":{"name":"compareNumArrays","decl":{"start":{"line":4,"column":9},"end":{"line":4,"column":25}},"loc":{"start":{"line":4,"column":56},"end":{"line":7,"column":1}}},"1":{"name":"(anonymous_1)","decl":{"start":{"line":6,"column":20},"end":{"line":6,"column":21}},"loc":{"start":{"line":6,"column":34},"end":{"line":6,"column":51}}},"2":{"name":"(anonymous_2)","decl":{"start":{"line":9,"column":27},"end":{"line":9,"column":28}},"loc":{"start":{"line":10,"column":2},"end":{"line":17,"column":null}}},"3":{"name":"(anonymous_3)","decl":{"start":{"line":20,"column":21},"end":{"line":20,"column":null}},"loc":{"start":{"line":27,"column":11},"end":{"line":36,"column":1}}},"4":{"name":"(anonymous_4)","decl":{"start":{"line":38,"column":22},"end":{"line":38,"column":25}},"loc":{"start":{"line":38,"column":28},"end":{"line":38,"column":49}}},"5":{"name":"(anonymous_5)","decl":{"start":{"line":39,"column":21},"end":{"line":39,"column":24}},"loc":{"start":{"line":39,"column":27},"end":{"line":39,"column":48}}},"6":{"name":"(anonymous_6)","decl":{"start":{"line":42,"column":22},"end":{"line":42,"column":23}},"loc":{"start":{"line":42,"column":48},"end":{"line":46,"column":1}}},"7":{"name":"(anonymous_7)","decl":{"start":{"line":48,"column":18},"end":{"line":48,"column":21}},"loc":{"start":{"line":48,"column":25},"end":{"line":56,"column":2}}},"8":{"name":"(anonymous_8)","decl":{"start":{"line":58,"column":25},"end":{"line":58,"column":34}},"loc":{"start":{"line":58,"column":37},"end":{"line":62,"column":null}}}},"branchMap":{"0":{"loc":{"start":{"line":5,"column":2},"end":{"line":5,"column":48}},"type":"if","locations":[{"start":{"line":5,"column":2},"end":{"line":5,"column":48}},{"start":{"line":5,"column":2},"end":{"line":5,"column":48}}]},"1":{"loc":{"start":{"line":11,"column":4},"end":{"line":11,"column":37}},"type":"binary-expr","locations":[{"start":{"line":11,"column":4},"end":{"line":11,"column":37}},{"start":{"line":12,"column":4},"end":{"line":12,"column":37}},{"start":{"line":13,"column":4},"end":{"line":13,"column":37}},{"start":{"line":14,"column":4},"end":{"line":14,"column":35}},{"start":{"line":15,"column":4},"end":{"line":15,"column":35}},{"start":{"line":16,"column":4},"end":{"line":16,"column":31}},{"start":{"line":17,"column":4},"end":{"line":17,"column":37}}]},"2":{"loc":{"start":{"line":24,"column":29},"end":{"line":24,"column":35}},"type":"default-arg","locations":[{"start":{"line":24,"column":29},"end":{"line":24,"column":35}}]},"3":{"loc":{"start":{"line":25,"column":16},"end":{"line":25,"column":17}},"type":"default-arg","locations":[{"start":{"line":25,"column":16},"end":{"line":25,"column":17}}]},"4":{"loc":{"start":{"line":26,"column":13},"end":{"line":26,"column":18}},"type":"default-arg","locations":[{"start":{"line":26,"column":13},"end":{"line":26,"column":18}}]},"5":{"loc":{"start":{"line":42,"column":43},"end":{"line":42,"column":44}},"type":"default-arg","locations":[{"start":{"line":42,"column":43},"end":{"line":42,"column":44}}]}},"s":{"0":0,"1":0,"2":0,"3":0,"4":1,"5":0,"6":1,"7":0,"8":1,"9":0,"10":1,"11":0,"12":1,"13":0,"14":0,"15":0,"16":1,"17":2,"18":1,"19":2},"f":{"0":0,"1":0,"2":0,"3":0,"4":0,"5":0,"6":0,"7":2,"8":2},"b":{"0":[0,0],"1":[0,0,0,0,0,0,0],"2":[0],"3":[0],"4":[0],"5":[0]}}
}
