TN:
SF:src/update.ts
FN:10,updatePlayers
FN:16,updateMostRecentMoves
FN:24,updateAfterTurn
FN:35,updateMostRecentGames
FN:51,updateAfterGame
FNF:5
FNH:5
FNDA:3,updatePlayers
FNDA:2,updateMostRecentMoves
FNDA:1,updateAfterTurn
FNDA:1,updateMostRecentGames
FNDA:1,updateAfterGame
DA:10,1
DA:11,3
DA:12,1
DA:13,3
DA:16,1
DA:20,2
DA:21,2
DA:24,1
DA:25,1
DA:26,1
DA:27,1
DA:28,1
DA:32,1
DA:35,1
DA:39,1
DA:47,1
DA:48,1
DA:51,1
DA:52,1
DA:53,1
DA:54,1
DA:55,1
DA:56,1
LF:23
LH:23
BRDA:11,0,0,2
BRDA:11,0,1,1
BRF:2
BRH:2
end_of_record
TN:
SF:src/write.ts
FN:7,(anonymous_0)
FN:13,(anonymous_1)
FN:16,(anonymous_2)
FN:18,(anonymous_3)
FN:24,(anonymous_4)
FN:27,createMoveLink
FN:32,createAILink
FN:37,createNewGameLink
FN:42,createRow
FN:48,(anonymous_9)
FN:57,createTable
FN:58,(anonymous_11)
FN:71,createMoveRow
FN:78,createRecentMoves
FN:83,(anonymous_14)
FN:88,(anonymous_15)
FN:97,(anonymous_16)
FN:101,createRecentGames
FN:105,(anonymous_18)
FN:110,createReadme
FNF:20
FNH:3
FNDA:2,(anonymous_0)
FNDA:0,(anonymous_1)
FNDA:0,(anonymous_2)
FNDA:0,(anonymous_3)
FNDA:0,(anonymous_4)
FNDA:0,createMoveLink
FNDA:0,createAILink
FNDA:0,createNewGameLink
FNDA:0,createRow
FNDA:0,(anonymous_9)
FNDA:0,createTable
FNDA:0,(anonymous_11)
FNDA:0,createMoveRow
FNDA:0,createRecentMoves
FNDA:0,(anonymous_14)
FNDA:0,(anonymous_15)
FNDA:0,(anonymous_16)
FNDA:1,createRecentGames
FNDA:1,(anonymous_18)
FNDA:0,createReadme
DA:2,1
DA:4,1
DA:5,1
DA:7,1
DA:8,2
DA:13,1
DA:14,0
DA:16,1
DA:18,1
DA:24,1
DA:25,0
DA:28,0
DA:29,0
DA:33,0
DA:34,0
DA:38,0
DA:39,0
DA:43,0
DA:44,0
DA:45,0
DA:46,0
DA:48,0
DA:49,0
DA:50,0
DA:51,0
DA:54,0
DA:58,0
DA:60,0
DA:61,0
DA:63,0
DA:64,0
DA:65,0
DA:66,0
DA:68,0
DA:72,0
DA:73,0
DA:74,0
DA:75,0
DA:79,0
DA:81,0
DA:82,0
DA:83,0
DA:85,0
DA:88,1
DA:89,0
DA:90,0
DA:92,0
DA:97,0
DA:101,1
DA:102,1
DA:103,1
DA:104,1
DA:105,1
DA:107,1
DA:110,1
DA:112,0
DA:114,0
DA:120,0
DA:125,0
LF:59
LH:17
BRDA:7,0,0,1
BRDA:9,1,0,1
BRDA:9,1,1,1
BRDA:46,2,0,0
BRDA:46,2,1,0
BRDA:49,3,0,0
BRDA:49,3,1,0
BRDA:50,4,0,0
BRDA:50,4,1,0
BRDA:51,5,0,0
BRDA:51,5,1,0
BRDA:74,6,0,0
BRDA:74,6,1,0
BRDA:75,7,0,0
BRDA:75,7,1,0
BRDA:79,8,0,0
BRDA:79,8,1,0
BRDA:115,9,0,0
BRDA:115,9,1,0
BRDA:117,10,0,0
BRDA:117,10,1,0
BRF:21
BRH:3
end_of_record
TN:
SF:tests/board.ts
FN:4,compareNumArrays
FN:6,(anonymous_1)
FN:9,(anonymous_2)
FN:20,(anonymous_3)
FN:38,(anonymous_4)
FN:39,(anonymous_5)
FN:42,(anonymous_6)
FN:48,(anonymous_7)
FN:58,(anonymous_8)
FNF:9
FNH:2
FNDA:0,compareNumArrays
FNDA:0,(anonymous_1)
FNDA:0,(anonymous_2)
FNDA:0,(anonymous_3)
FNDA:0,(anonymous_4)
FNDA:0,(anonymous_5)
FNDA:0,(anonymous_6)
FNDA:2,(anonymous_7)
FNDA:2,(anonymous_8)
DA:5,0
DA:6,0
DA:9,1
DA:10,0
DA:20,1
DA:28,0
DA:38,1
DA:39,1
DA:42,1
DA:43,0
DA:44,0
DA:45,0
DA:48,2
DA:58,2
LF:14
LH:7
BRDA:5,0,0,0
BRDA:5,0,1,0
BRDA:11,1,0,0
BRDA:11,1,1,0
BRDA:11,1,2,0
BRDA:11,1,3,0
BRDA:11,1,4,0
BRDA:11,1,5,0
BRDA:11,1,6,0
BRDA:24,2,0,0
BRDA:25,3,0,0
BRDA:26,4,0,0
BRDA:42,5,0,0
BRF:13
BRH:0
end_of_record
